<?xml version="1.0" encoding="UTF-8"?>
<!-- Generated by org.testng.reporters.JUnitReportReporter -->
<testsuite hostname="ThinkPad-L560" failures="0" tests="1" name="com.e_commerce.ui.test.ProductOrderEndToEndTest" time="16.460" errors="0" timestamp="2024-01-24T12:11:57 IST" skipped="0">
  <testcase classname="com.e_commerce.ui.test.ProductOrderEndToEndTest" name="orderProduct" time="16.460"/>
</testsuite> <!-- com.e_commerce.ui.test.ProductOrderEndToEndTest -->
